d:\e d\study\school\hk 7\game-re\template\castlevania\debug\vc120.pdb
d:\e d\study\school\hk 7\game-re\template\castlevania\debug\vc120.idb
d:\e d\study\school\hk 7\game-re\template\castlevania\debug\gaudio.obj
d:\e d\study\school\hk 7\game-re\template\castlevania\debug\gcamera.obj
d:\e d\study\school\hk 7\game-re\template\castlevania\debug\dsutil.obj
d:\e d\study\school\hk 7\game-re\template\castlevania\debug\scenemain.obj
d:\e d\study\school\hk 7\game-re\template\castlevania\debug\game.obj
d:\e d\study\school\hk 7\game-re\template\castlevania\debug\global.obj
d:\e d\study\school\hk 7\game-re\template\castlevania\debug\main.obj
d:\e d\study\school\hk 7\game-re\template\castlevania\debug\gsprite.obj
d:\e d\study\school\hk 7\game-re\template\castlevania\debug\gtexture.obj
d:\e d\study\school\hk 7\game-re\template\castlevania\debug\utils.obj
d:\e d\study\school\hk 7\game-re\template\debug\castlevania.ilk
d:\e d\study\school\hk 7\game-re\template\debug\castlevania.exe
d:\e d\study\school\hk 7\game-re\template\debug\castlevania.pdb
d:\e d\study\school\hk 7\game-re\template\castlevania\debug\castlevania.tlog\cl.command.1.tlog
d:\e d\study\school\hk 7\game-re\template\castlevania\debug\castlevania.tlog\cl.read.1.tlog
d:\e d\study\school\hk 7\game-re\template\castlevania\debug\castlevania.tlog\cl.write.1.tlog
d:\e d\study\school\hk 7\game-re\template\castlevania\debug\castlevania.tlog\link.command.1.tlog
d:\e d\study\school\hk 7\game-re\template\castlevania\debug\castlevania.tlog\link.read.1.tlog
d:\e d\study\school\hk 7\game-re\template\castlevania\debug\castlevania.tlog\link.write.1.tlog
